Arguments: 
  C:\Program Files\nodejs\node.exe C:\Users\KING\AppData\Roaming\npm\node_modules\yarn\bin\yarn.js install

PATH: 
  C:\Users\KING\bin;C:\Program Files\Git\mingw64\bin;C:\Program Files\Git\usr\local\bin;C:\Program Files\Git\usr\bin;C:\Program Files\Git\usr\bin;C:\Program Files\Git\mingw64\bin;C:\Program Files\Git\usr\bin;C:\Users\KING\bin;C:\Program Files (x86)\NVIDIA Corporation\PhysX\Common;C:\Python310\Scripts;C:\Python310;C:\Program Files (x86)\Razer\ChromaBroadcast\bin;C:\Program Files\Razer\ChromaBroadcast\bin;C:\Program Files (x86)\Razer Chroma SDK\bin;C:\Program Files\Razer Chroma SDK\bin;C:\Windows\system32;C:\Windows;C:\Windows\System32\Wbem;C:\Windows\System32\WindowsPowerShell\v1.0;C:\Windows\System32\OpenSSH;C:\Users\KING\AppData\Local\Microsoft\WindowsApps;C:\Windows\system32\config\systemprofile\AppData\Local\Microsoft\WindowsApps;C:\WINDOWS\system32;C:\WINDOWS;C:\WINDOWS\System32\Wbem;C:\WINDOWS\System32\WindowsPowerShell\v1.0;C:\WINDOWS\System32\OpenSSH;C:\ProgramData\chocolatey\bin;C:\Program Files\nodejs;C:\Android;C:\Program Files\dotnet;C:\Program Files\Git\cmd;C:\Users\KING\AppData\Local\Microsoft\WindowsApps;C:\Users\KING\AppData\Local\Programs\Microsoft VS Code\bin;C:\Users\KING\AppData\Roaming\npm;C:\Program Files\Git\usr\bin\vendor_perl;C:\Program Files\Git\usr\bin\core_perl;C:\Users\KING\.foundry\bin

Yarn version: 
  1.22.18

Node version: 
  16.13.2

Platform: 
  win32 x64

Trace: 
  Error: EPERM: operation not permitted, unlink 'E:\LEN\Political Disgrace\PoliticalDisgrace_Onchain\node_modules\@nomicfoundation\solidity-analyzer-win32-x64-msvc\solidity-analyzer.win32-x64-msvc.node'

npm manifest: 
  {
    "name": "hardhat-project",
    "devDependencies": {
      "@nomiclabs/hardhat-ethers": "^2.2.3",
      "@nomiclabs/hardhat-etherscan": "^3.1.7",
      "@nomiclabs/hardhat-waffle": "^2.0.6",
      "chai": "^4.3.8",
      "ethereum-waffle": "^4.0.10",
      "ethers": "^5.7.2",
      "hardhat": "^2.17.2"
    },
    "dependencies": {
      "@openzeppelin/contracts": "^4.9.3",
      "dotenv": "^16.3.1"
    }
  }

yarn manifest: 
  No manifest

Lockfile: 
  No lockfile
